0 info it worked if it ends with ok
1 verbose cli [ 'C:\\Program Files\\nodejs\\node.exe',
1 verbose cli   'C:\\Users\\sg-0036936\\AppData\\Roaming\\npm\\node_modules\\npm\\bin\\npm-cli.js',
1 verbose cli   'run',
1 verbose cli   'serve' ]
2 info using npm@4.1.2
3 info using node@v7.2.0
4 verbose run-script [ 'preserve', 'serve', 'postserve' ]
5 info lifecycle webpack-test@1.0.0~preserve: webpack-test@1.0.0
6 silly lifecycle webpack-test@1.0.0~preserve: no script for preserve, continuing
7 info lifecycle webpack-test@1.0.0~serve: webpack-test@1.0.0
8 verbose lifecycle webpack-test@1.0.0~serve: unsafe-perm in lifecycle true
9 verbose lifecycle webpack-test@1.0.0~serve: PATH: C:\Users\sg-0036936\AppData\Roaming\npm\node_modules\npm\bin\node-gyp-bin;D:\REACT\webpack-test\node_modules\.bin;C:\Program Files (x86)\NVIDIA Corporation\PhysX\Common;C:\Ruby23-x64\bin;C:\Program Files (x86)\Common Files\Intel\Shared Files\cpp\bin\Intel64;C:\ProgramData\Oracle\Java\javapath;C:\Program Files (x86)\Intel\iCLS Client\;C:\Program Files\Intel\iCLS Client\;C:\Windows\system32;C:\Windows;C:\Windows\System32\Wbem;C:\Windows\System32\WindowsPowerShell\v1.0\;C:\Program Files\Intel\Intel(R) Management Engine Components\DAL;C:\Program Files\Intel\Intel(R) Management Engine Components\IPT;C:\Program Files (x86)\Intel\Intel(R) Management Engine Components\DAL;C:\Program Files (x86)\Intel\Intel(R) Management Engine Components\IPT;C:\Program Files (x86)\Java\jdk1.8.0_40\bin;C:\Program Files (x86)\Skype\Phone\;C:\JPM4J\bin;C:\JPM4J\bin;C:\Program Files\Microsoft SQL Server\130\Tools\Binn\;C:\Program Files (x86)\Calibre2\;C:\Program Files\nodejs\;C:\wamp\bin\php\php5.5.12;C:\ProgramData\ComposerSetup\bin;C:\Program Files (x86)\Brackets\command;C:\Program Files (x86)\NVIDIA Corporation\PhysX\Common;C:\Ruby23-x64\bin;C:\Program Files (x86)\Common Files\Intel\Shared Files\cpp\bin\Intel64;C:\ProgramData\Oracle\Java\javapath;C:\Program Files (x86)\Intel\iCLS Client\;C:\Program Files\Intel\iCLS Client\;C:\Windows\system32;C:\Windows;C:\Windows\System32\Wbem;C:\Windows\System32\WindowsPowerShell\v1.0\;C:\Program Files\Intel\Intel(R) Management Engine Components\DAL;C:\Program Files\Intel\Intel(R) Management Engine Components\IPT;C:\Program Files (x86)\Intel\Intel(R) Management Engine Components\DAL;C:\Program Files (x86)\Intel\Intel(R) Management Engine Components\IPT;C:\Program Files (x86)\Java\jdk1.8.0_40\bin;C:\Program Files (x86)\Skype\Phone\;C:\JPM4J\bin;C:\Program Files\Microsoft SQL Server\130\Tools\Binn\;C:\Program Files (x86)\Calibre2\;C:\Program Files\nodejs\;C:\wamp\bin\php\php5.5.12;C:\ProgramData\ComposerSetup\bin;C:\Program Files (x86)\Brackets\command;C:\Users\sg-0036936\AppData\Local\Programs\Python\Python36\Scripts\;C:\Users\sg-0036936\AppData\Local\Programs\Python\Python36\;C:\Users\sg-0036936\AppData\Local\Programs\Python\Python35-32\Scripts\;C:\Users\sg-0036936\AppData\Local\Programs\Python\Python35-32\;C:\Program Files (x86)\Manymo/bin;C:\Program Files (x86)\Microsoft VS Code\bin;C:\Users\sg-0036936\AppData\Roaming\npm;C:\Users\sg-0036936\AppData\Local\atom\bin;C:\Users\sg-0036936\AppData\Roaming\Composer\vendor\bin
10 verbose lifecycle webpack-test@1.0.0~serve: CWD: D:\REACT\webpack-test
11 silly lifecycle webpack-test@1.0.0~serve: Args: [ '/d /s /c', 'webpack-dev-server' ]
12 silly lifecycle webpack-test@1.0.0~serve: Returned: code: 1  signal: null
13 info lifecycle webpack-test@1.0.0~serve: Failed to exec serve script
14 verbose stack Error: webpack-test@1.0.0 serve: `webpack-dev-server`
14 verbose stack Exit status 1
14 verbose stack     at EventEmitter.<anonymous> (C:\Users\sg-0036936\AppData\Roaming\npm\node_modules\npm\lib\utils\lifecycle.js:279:16)
14 verbose stack     at emitTwo (events.js:106:13)
14 verbose stack     at EventEmitter.emit (events.js:191:7)
14 verbose stack     at ChildProcess.<anonymous> (C:\Users\sg-0036936\AppData\Roaming\npm\node_modules\npm\lib\utils\spawn.js:40:14)
14 verbose stack     at emitTwo (events.js:106:13)
14 verbose stack     at ChildProcess.emit (events.js:191:7)
14 verbose stack     at maybeClose (internal/child_process.js:885:16)
14 verbose stack     at Process.ChildProcess._handle.onexit (internal/child_process.js:226:5)
15 verbose pkgid webpack-test@1.0.0
16 verbose cwd D:\REACT\webpack-test
17 error Windows_NT 6.1.7601
18 error argv "C:\\Program Files\\nodejs\\node.exe" "C:\\Users\\sg-0036936\\AppData\\Roaming\\npm\\node_modules\\npm\\bin\\npm-cli.js" "run" "serve"
19 error node v7.2.0
20 error npm  v4.1.2
21 error code ELIFECYCLE
22 error webpack-test@1.0.0 serve: `webpack-dev-server`
22 error Exit status 1
23 error Failed at the webpack-test@1.0.0 serve script 'webpack-dev-server'.
23 error Make sure you have the latest version of node.js and npm installed.
23 error If you do, this is most likely a problem with the webpack-test package,
23 error not with npm itself.
23 error Tell the author that this fails on your system:
23 error     webpack-dev-server
23 error You can get information on how to open an issue for this project with:
23 error     npm bugs webpack-test
23 error Or if that isn't available, you can get their info via:
23 error     npm owner ls webpack-test
23 error There is likely additional logging output above.
24 verbose exit [ 1, true ]
